<?xml version="1.0" encoding="UTF-8"?>
<!-- Generated by org.testng.reporters.JUnitReportReporter -->
<testsuite hostname="DP-201505101024" name="com.kernel.testcase.LoginActionTest" tests="2" failures="0" timestamp="1 Jul 2016 06:56:15 GMT" time="0.624" errors="0">
  <testcase name="indexPage" time="0.318" classname="com.kernel.testcase.LoginActionTest"/>
  <testcase name="testLogin" time="0.306" classname="com.kernel.testcase.LoginActionTest"/>
</testsuite> <!-- com.kernel.testcase.LoginActionTest -->
