<?xml version="1.0" encoding="UTF-8"?>
<!-- Generated by org.testng.reporters.JUnitReportReporter -->
<testsuite hostname="DP-201505101024" name="com.kernel.testcase.LoginActionTest" tests="2" failures="0" timestamp="30 Jun 2016 08:41:40 GMT" time="0.496" errors="0">
  <testcase name="indexPage" time="0.255" classname="com.kernel.testcase.LoginActionTest"/>
  <testcase name="testLogin" time="0.241" classname="com.kernel.testcase.LoginActionTest"/>
</testsuite> <!-- com.kernel.testcase.LoginActionTest -->
